CCCXCCCXCCCCCCXCCXCCXCCCCCCXXCCCCCXCCXCCCCCCCXCCXCCCCXCXCCCXCCCCCCCCCXCXCCCCCCCCCCCCCCCXCCCCCCXCCCCCCCCCCCXCCCXCCCCCCCCXCCXCCCXCCCXXCCCCCCCCCCCCCCCXCC
XCCCXCCCCXCCCCXCCCCCCXXCCXCCCXCCXCCCCCCCCCCXCCCXCCCCCCCCXXCCCCXCCCXCCCCCXCXCCCCCCCCXXCXCCXCCXCCCCCCCCXCCCCCCCCXCCCCXCXCCCCXXCCCCCCCXCCCCCCCXXCCCCCCCCC
CXCCCCCXXCCCCCCCXCXCCCCCCCXCCCXCCCCXCCCCCXCCCXCCCCCCXXCCCCCXXCCCCCCCCXXCCXCCCCXCCCCCCCCCCCXCCCCCCCCXCCCCCCCCCCCXCXCCXCCCXCCCXCCCCCCXXCXXCCCCCCCCCCXCXC
CCCCXCCXCCCCXXCCCCCCCCCXCXCCCXCCXXCCCCXCXCCXXCCXCCCCCXCXXCCCCCCCXCCCXCCCCCXCCCCCCCXCCXCCCCCXCCCXCCCCCXXCCCCCCXCXXCCCCXCCXCCCXCCCCCCCCCCCCCCCCXCXXCCCCC
XCCCCCXXCCCCCXCCXCXCCCCCCCCCXXCCCCCXCXCCCCXCCCCCCCCCCCCCCCCCCCCCXXCCCCCCCXCCCCCXCCXXXCXCCCCXCCCCCCCCCCCCCCCCCCCCCXXCCCCCCCXXCCCCXCCCCCCCCCCCCCCCCCCXCC
CCCCCXCCCCXCXCCCXCCCCXCCCCCXCCCCCCCXCXCCCXCCCCCCCCCCCCXCCCXCCCCCCXCCCCCCCCCXCCXCCCCCCCCCCXCCCCXXCCCXCCCCCCCCCCXCCCCCCCCCCCCXCCXCCCXCCCCXXXCCCCCCCCCXCX
XCCCCXCCCCCCCCCCXXCCCCCXCXCCCCXXCCCCCXCCCCXCCCXCCCCCCCCCXCCXXCCCCCXCCXXCCCCCCCCCXCXXCCCCCCCCCCCCCCCCCCCCCCCCCCCCCXCCCCCCCXCCXCCCCCXCCCCXCCCCCCCCCCCCCC
CCCCCXCCCXCCCXCCXCCCCCXXXXCCXCCCXCXXCCCCCCCCCCCCCXXCXCXCCXCCXXCXCCCCCCCCCCCCCCXCCCCCCCCCCCCXCCXXCXCCCXCCCCCCCCCXCCCCCCCCCCXXCXCCCCXCCXXCCCCXCCXCXCCCCC
CCCXCXCCCCCCXCCCXCCCCCCCCCCCCXCCXCCCCCCCCCCCCXCCCCCXCCXCCCCXCCCCCXCCCCCXCXCCCCCCCCCCCCCCCCCCXXCCXCCXCCCCCCCXCXXCXCCCCCCCCCCXCXCCXCCCCCCCCCCXXXCCXXCCCX
CCCXCXCCCXCCCCXCCCCCXXCCCCCCCCCCCXCCCCXCCCCCCCXCCCCCCXCCCCCCCCCCCXCCCXCCCCCCCCCCXCXCCCCXCXCCCXCCCCCCCXXXCCCCCCCCCCCXCCCCCCCCCCCCCCXCXXCCCCCCCCCCXCCCXC
CXCCXCCCCCCCCXCXCXCCCCXCCCCCCCCCXCCCCCCCCXCCCCCCCCCCCCCCCCCCCCCCCCCXCCCCXCCCCCCCCCCCCXCXCCCCCCCCCCCCCCXXCCCCCCCCXCXXCCCCCCCCCCXXCCCXCCCCCCXCXCCCXXCCCX
CCCCCCCCCXCXCCCCXCCCCXXCXCXCCCXCCXCCCCXCCCXCCCCCCCXCCXCXCXCCCCCCXCCCCCCCCCXCXCCCCCCCCCXCCCXCCCCXCCCCCCXCCCCCCXCCCCCCCCCCCXCCXCXCCCXCCXCXCXCXXCCCCCCCXC
XCCXCCXCCCCCCCXCCCCXCCCCCCCCCXCCCXCCXXCCCCXCXCXCCXCCCCCCCCCCCCCCCCCCXCXCCCCXXCCCCXXCCCXCCCCCXCCCCXCCCCCXCXCCCCCCCCCXCCCCCCCXXXCXCCCXCCXCCXXCCXXCCCCCCX
CCCCXCXCCCCCXCCXCCCCCCCXCXCXCCCCXCCCCCCCCCCCCCCCCCCCCCCCCCCCXCCCCCCCCCCCXCCCCCCXXCCCXCCCCCCCCCCCCCCCCCXCXCXCCCCCXXCCCCCCXCXXXCXCCCXCCCCCCCCCCCXCCCCCCC
CXCCCCCCCCCCCCXCXCXXCCCCXCCCCCCCXCCCXCCCCCCCCXCXXXXCXXXCCCXCCXCCCCCCCXCCCXCCXCXCCCCCCXCCCCCCCXCCXCCCCXXXCCCCCCCCCCXCCCXCCCCXCCCCCCCXCCCCCCCCXXCCCCCCCC
CCXCCCXCCCXCCCCCXCCXXCCCCCCCCCCCCCCCCCCCXCCCXCCCXCCCCCXCCXCCCCCXXCCCCXCXXCCCXCCXCCXCCCCCCXCCCCXCCCCCCCCCXCCCCCCCCCCCXCCCCCCCCCCXCXCCXCXCCCCCCXCCCCCCCC
CCCXXCXCXCCCXCCCCCCCCCCXCCCCCCCCCCCCCCCCCCCCXXCXCCCXCXCCXCXCXCXCCCCCXCCCCCCCCXCXCCCCCXCCXCCCCCCXCCCCCXCCCCCCCCXCCCCCCCCCXCXCCCXCCXCCCCCCCCXCXXCXCXCXCX
CCXCCCCCCCCXXCCCCCCCXCCXXXCCXCXXCCCXCCCXCCCCXXXXXCCCCCXCCCCCCCCCCCCXCXXCCCCCCCCCCCCCCCCXCCXCCXCCCCCCCCCCCXCCXCXCCCXXXCXCCCXCCCCCXCCCCCCCCCCCCCCCCCXCCC
CCCCXCCCCCCCCCCXXCCCXCCCCCCXCCCCCXXCCCXCCCCCCCCXCXCCXXCCXCXXCCCCCCCXCCCCCCCCXCCCCCCCCCCXCCCCCCCXCCCCCCXCCCCCCCCCXCCCXXCXCXCCXCCCCXCXCCCXCCCCCCCCCCCXCC
CCCCCCCCCCCCCCCCCCCCCCCXCCCCXCCCCCXCCCCCCCCCXCCCCCCCCCCCCCXCCCCCCCCCCCCCCCCCXCXCCCCCCXXCCCCCCCXCCCCCCCXCCCXCCCCXCCXCCCCCCCCXCCCCXCCCCXCCCCCCCXXCCCXXXC
XCCXCCCCCCXCXXCCCCCCCCCCCCCCXCCCCXCCCCCCXCCCCXCCCCCXCCCCCCCXCCCCCCXCCCCCCCCCCCCCCCXXCCCCCCCCCCCCCCCCCCXCCCCCXCXCCXCCCCXCCCCCCCCCXCCCCCXCCCCXXCXCCXCCCC
CCCCXXCXCCXCCCXCCCCXXXCCCCCCCXCCCXCCXXCCXCCCXCCCXCCCCCCCCCCXCCCXCCCCCCCCCCCXCCCCCCCCXCCCCCCCXCXCCXCCCCCCXXCCCCXXCCCCCCXCXCCCCCCCCCCCCXCXCCCCCCCCCCXXCC
XCCCCXCCCXCCCCCXCCCCCCCCCCCCXCXCXCCCCXCCCCCCXCCCCCXXCCCCCCCCCCCCXCCCCCCCCCCCCCXXXXCCCXCCCCCCCCCCCXCCCCCCCCCCCCXCCXCCXCCCCXCCCCCCCCXXCCCCCXCCCCCCCCCCCC
CCCCCCCCCCCCCXXCCCCCCCCCXCCXCCCCCCCCCCXCCCCCCXCCCCCCXCCCCXXCCCCXCCCCCCXCCXCCCCCCCCCXCCCCCXCCXCCCCCCCCCXCCXCCCCCCCCCXCXXCCXCCCCCCCCCXXCCCCCCXCCCXCCCCCC
CCCCCXXCCCXXCCCCXCCXXCCCCCCCXCCCCCCXXXCCCXCXXXCCCCCCCCCCCCCCCCCCCCCCCCCCCCCCCCCXCCCCCCCCCXCXXCCCCCCCCCCCCCCCCXCCCCCXCCCXCXCCXCCCCXCCXCXCCCCCCCCCCCCCCC
CCCXCCXXXCCXCCCCCXCCCCCXXCCCCCCCXCCCCCCCCXCCCCXCCCCCCCCCXCCCXXCCCCXCCCXCCCCCXCCXCCCCXCXCCCCCCXXCCXCXXCXCCCXXCCCCCXXCXXCCCCXCXCCXCCCCCCCCXXCCCXCXXXCCCC
CCCCCCXXCCXCCCCCXCCCCCCCCCCCCCCCXCCCXCCCCCXCXXCXCCCCCCXCCXCXCCXCCXCXCCCCCCCCCCCCCCXCCCCXCCXCCXCCCCCXXCCCCXXCCCCCCCCCCCCXXCCCXCCCCCXXCXXCCCCCCCXCCCCCCC
CCCCCCCXCCCXCCXCCXCCXCCCCCCCXCXCCXCCCCCCCCCXCCCXXCXXCCCCCCXCCXCCXCCXCCCCCCCXXCCCCCXXCXCCCCCCCCCCXCCCCCCCCXXCCCXXCXXCXXCXCCCCCXCCXCCCCCXCCCCCCCCCCXXCXX
CCCCCCXCCCCCCCCCCCCCCCCCCCCXCCXCCCCCCCCCCCXXCXXCCCCCCCXCCXCCXCCCCCCCCCCXCCXCCCCCXXCXCCCCCCCCCCXCXCCCCCCXCCCCCCXXXXXCCCCCCCCXCCCCCCCCCCCXCCCCCXCCCXCXCC
CCCCXXCCCCCCXCCCCCCCCCCCCCCCCCXCCXCCCCCCCCCCCXCCCCXCCCCCCCXXXCCCXCCCCCCCXCCXCCCCCCCCXCCCXCCCCXXCXCXXXCXXXCCCCCCCCXCCCCCCCXCCCCCCCCXXXCCCCXXCCCCXXCCXCC
CCXCCCXXCCCCXCCXCCCCCCCCCCCCXXCXCCCXCCCXCCCCCXCCCXXCXCCCCCCCCCCCXXXCXCCCCCCCXCCCCXCCCCCCXCCCXCCCCCCXXCCXCCCCCCCCXCCCCXCCCCCCXCCCCCCCCCCXXCCCCCCCCCCCCX
CCCCCXXCXCCCCCCCCCXCCXCCCXCCCXCCCCCCCXCCXCCCCCXXCCCCCXCXXCCXCCCCCCXCCCCCCCXXXCCCCXCCCCCCCCCXXCCCCCCCCCCXCCCCCCCCCCXCCCXXCXCXXCCCCCXCCCCCCCXXCCCXCCCXCC
CCXCCXCCCXCCCCCCCCCCXXXCXXCCCCCCXCCCCCCXCCXXCCCCCXCCCCCXCCCCCCCCCXXCCCXCCXCCCCCCCCCCXCCXCXCCXCCCXCCCXCCCCCXCXCCCCCCCXCCCCXCCCCCCCXCCCXCCCCCCXCCCCXXCCC
CCCXCCCCCCCCXCCCXCCCCCXXXCCCCXCCCXXXCCCXCCCXCCCXCCCCCCCCCCCCCCXCCCCCCXCXCCXCXCCCCXCXCCCXCCCCXXCCCCXXXCCCCCCXXCCCCCCCCXXCCCCCCCCCXCCCCXCCCCCCCCCCCCCCXC
CCCCXCCCXCCCXXCCXCXCCCXCCCCCCCCCCCCCCCCCCCCCXXCCXCXXCCCCXCCCCCXCCCXCXCCCCXCCCCCCCXXXCCXXCCXCCCXCXCCCCCCCCCXCCCCCXCXCCCCCCCXCXCCXCCCCCXCCXXCCCXCCCCCCCC
CCCCCCCCCCXCCCCCCXCCXXXCCXCCCCCXCCCCCXXCCXXCCCCCXCCCCCCCCCCXCCCCCCCCCXCCXCCCXCCCCCCXXXCCCCCCXCCCCCCCXCXCXXCXCCCXCCCXCCXCCCCCCCXCCXCXCXCCCXCXCXXXCCCCCC
CCCCCCCCCXCCXCCXCCCCCXCCCCCCCCCCCXCCCCCCXXCXXXCXCXCCCCCCCCCXCCCXCCCCCCXCCCCCCCXCCCCCCXCXCXCCCCCCCCCCCXXCCCCCCCCCCCCCXCXCXCCXCCCCCCCCCCCCXCCXCCCXCCCCCC
CXCCXXCCXCXCCCXCCCXCCCCCCCCCCCXCCCCCCCXCCXXXXXCCCCXCCXCCCCCXXCXCXCCXXCCCCXCCCXCCCXXCCCCCXCCCCCXCXXXCCCCCCXCCCCCCCCCCCCCCCCCCCCCCCCXCCCXCCXCCCCXCCCXCCC
CCCCCCCCCXCCCCCCCXCCCCXXXXCCCCCCCCXCCXCCXCCCCCCCXCCCCCCCCCCXXCCCCCCXCXCXCCCCCCCCXCCCCXXXCCCCCXCCCCCCCCCCCXCXCXCCCCCCCCCCCCCCCXCCXXCCCCCCCCCCCXXCCCXCXC
CCCCCCCXXCCCCCCXCCCCCCCCCCCCCCCCXCCCCXCCCCCCXCCCCCCCCCCCCCCCCXCCCCCCCCCCCCXCCCXCXCCXCCXXCXCCCXCCCCCCCCCCCCXCCXCCCCXCCCCCCCXCCXXCCXCCXXCCCCCCCCXCCCCCCC
XCCCCCCCCCCCCXCXCCCCCXXCCCCCCCCXCCCCXXCCXCCCCCCCCXXCCCCCCXCCCCCCCCXCCCXXCCXCCXXXXCXCCCCCCCCXCCCCCCXCXCCCCCXXCCCCCCXXCCCCCCCCCCCCCCCCXCCCCCCCCCCXXCCCCC
CCCCCXXCCXCCCXCCCCXCCXCCCCCCXCCCCCXCXXCCCCCCCCCXCCCCCCCCCCCCXCCCCCCCCCCCCCXCCCCCCCCXXCCCCXCCCCXCCCCCXCCCCCCXXCCCCCCCCXCCXCCCCXCXCCCCCCCCCCCCCCCCCCCXCC
CCXXXCCCXCXCXCCXCCXCCCCCCCCXCXCCCXCXCXCCXCCCCCCCXXCCCCCCCCCCCCXCCCCCCCCXCCCCCCCCCCCCCXCCXCCCCXCCCCCXXCCCCCXCCCCXCCCCCXCXCXXCCCCXCCCCCCCCCCCCCXXCCXXCXX
XCCCCXCCCCCCCCCCXCXCCCCCXCCCCCXCCCCCCXCCXCXCCCCCCCCCXCCCCCCCXCXCCCCCXXCCCXXCCCCCXCCCCCCCCCCCCCCXCXXCXCCCCCCCCCCCCCCCXCCCCCXCCCCCCCCCCCCCCCXCXCXCCCXCCX
CXXCCCCCCCCCCCCCCCCCCXXCXCCCCCCCCCCCCCCCCCCXCXCCCCXCCCCXCCXCCCCCCCCCCCCCCCXCXCCXXXCXCCXXCCCCCCCCCCCXXCCCCCCCCCCCCCCCCCCCCCCCCCCXXXCCXCCCCCCCCCCXCCCXCC
CCCCCCXCCCXCCCXCXCCCCCCCCCCCCCCCCCCXCCCCCCCCCCCCCCCCCCCCCCXXXCCXCCCCCCCCCCXCCCCCCCXCXCCXXCCCCCCCCCXCXCCXCXCCCCXCXCCCCXCXCCCXCCCCCXCCCCCCCCCCCCCCCCCCXC
CCCCCXCCCCCCCCCCXCCCCCXCCCXCCCXCCCXXCXXCXXCCCCCCXCCCCCCCCCCCCCCXCCXCCXCCCXCCCXCCCCCXXCCXXCCCCCCCCCCCXCCCCCCCCCCCCCCCCCXCCXCXCXCCCCCCXCCCCXCCXXCCCXCCCX
CCXCCCCCCCCCCCXCCXCCCCCCCCXXCCCXXCXCCCCCCCCCXCCCCCCCXCCCCCCCCXCXXCCCCCCCCCCCXCXCXCXCCCCCCCCCXCCCCCCCCCXCXCXXCCCCXCCCCCCCCCCXCCCCXCCCCCCXXXXCCCCXCCCCCC
CCXXCCCCCCCCCXCXCCCCCXCXCCCCXXCCXCCCCCCCXCCCCCCCCXCCCCCCCCCCXCCCCCCCXCCCCCCCCCXCCCCCXCXCCCCCCCCXCCCCCXCCCCCCCXXCCXCCCCCCXCCCCXCCXCCCCCCCCCCXCXCCXCCCCC
CCXCCXCCCXCCCCCCXXCCCXCCXCCCCCCCCCXCCCCXXCCCCCCCCCCXCCCCCCCCXCCCXCCXCCCCCCCXCXCCCCCXCCXCCCXCXCCCXXCCCCCCCCXXCCCCCCCCCCCCCXCCCCXCCCCCCCCXCCXCCCCCCXCCCC
CXCXCCCXCCCCCXCCCCXCXCCCXCCCCCCCCCCCCCCCCCCCCCCXCCCCXCCXCCCCXCCCCCXCXCXCCCCCCCCCCCCXCCXXCCCXCCCXCCCXCCCCCCCCCXCXXCCCCCCCCCCCCXCCXCCCXXCXCCCCCXCCCXXCCC
XCCCCXXCXCXCCXCCCXXXXCCCCCCCCXXCCCCXCCCCCXCCCCCCXCCCCXCCCCCCCCCCXXXCCCCCXCCXCCCCCCCCCCCXXXCCCXCCCCXCCXCCCCCXCXCXCCXXCXCCCCCXCCCCCCCXCXCCCCXXCCCCCXCCCC
CCCCCCXCCCXCCCCCXXCCCCCXCXCCCCCCCXCCCXCCCCCCCCCCXCCXCCCCCCCCXCCCCCCCCCCXCXXCCCXCCCXCCXCCCCCCCCCCCXCCCCXCCCCXXCCCCCXXCCCXXCCCCXCCCXCCXCCCCXCCCXCCCCCCCC
CXCCCCCCCCCCCCXCCCXXCCCXCCXXCCCCCXCCCCXCCCCCCCCCXCCXCCCCXCXCCCCCXCCCCXXCXCCCXCCCCCCCCXCCCCCCCCCCXCCCCCXCCCCXCCCCCCCCCXCCCCCCCXCCXCCXCCCCCCCXCCXCXCCCCC
CCCXCCCCCCCXCXCCCCCCCCCCCCCCXCCCCCCCCCCXCXCXCCCCCXCCXCCCXCCCCCCCCCCCCCCCXCCCXCCXXXCCCCCCXXXXCXCCCCXCCCCCCCCCCXCCCCCCCCXXXCCCCCXCCCCCCCCXCCCCCXCCCXXCCX
CCCXCCCCCXCCCCXCCCCXCCCCXCCXXCCCCCCCXCCCCCXXCCCCXCCCCXCXCCCCCCCCCCCCCXCCCCCCCXCCCCCCCCCCCCCCCCCCCCCCCCCCCCCCCCCCCCCXCCCXCCCXCCCCXCCCCCXCCCCCCCCCXCCCCC
CCXCXCCCCCCCCCCCCCCCXCCXXCCCCXCCCXXCCCCCCCCCCXCCCXCCCCCCCCCCCXCCCXCXCXCCCXCCXCCCCCXCCXXCCCXCCCCCCCCCCCCCCCCXCCCCCCCCCCCCCCCCCCCCCCCCCCCCCCCCXXCXCCCCCX
XCCCCCXCCXCXXXCCCCCCCCCCCCCXXCCCCCXCXXXCXCCCCCCCCCCCCCXCCCXCXCCCCCCCCCCCCCXCXCCCCCCCCCXXCCCCCCXCXCCCCCCCXCCCCCCCXXCCCCCCXCCXXCXXCCCCCXCCCCXCCCCCCCCCCX
CXCCCXCCCCCCCXCCCCXCCCCCCCCCCCCCCCCCCXCCCXCXCCCCCCCCCCCCCCCXCCCCCCXCCCCCCCCCCCCXCXCCCCCCCXXCCCCXXCCCCCCCCCXCCCXCXCXCXCCCCCCCCCXCCCCCXCCCCCXCCXCCCCCCCC
CCCCCCCCXCCCCCCXCCCXCCXCCCCCCCCCXCCXCCCXCCCCCCCCCXCCXCXCCCCCCCCCCCCCCCCXCCXCCCCCCXCCCCCCCCCCCCCCCCCXCCCCCCCCCCCCCCCCXCCCCCCCCXCXXCCCCXXXCCCCCCCCCCCCCC
CCXCCCCXCCCXXCCXCCCCCCCXCCCXCCCCCCXCCCCXCXCCCXCXXCXCCCCXCCCCCXCCCCCCCCCCXCXXCCCCCCXCCXCXXXCCCCCCCCCXCCCCCXCCCCXCXCXXCCCCCXCCCCCCCCCCCCXCCXCCCCXXXCCXCC
CCCCCCCCCCXCCXCXCCCXXCCXCXCCCCCCCCCCCCCCXCCCCCCXCCCCCCCCCCCXCCCCCCXXXCCCCCCCCCXCCCCXXCCCCCCCXXCCCCCCXCCCXCCCCCCXXCXCCCCCCCCCCCXCCCCCXXCXCCCCXCXCCCXXCC
CXCCXXXCXXXXCCCCCCXCCCCXCXCCCCCCCXCXCCXCCCCCCCCCCCCCXCCCXCXXCCCCXCCCCCCCXXXXCCCCXXCCCCCCCCCXXCCCCXCCCCCXCCCCXCCCCCCCCCCCCCCCXCCCCCCXCCCCCCCCCCCCCCCCCC
CXCCCXXCCCCXCXXCCCCCCCCCCCCCCCCCCXCCCCCXCCCXCCCCXXCCCXCCXCCCCXCCCCCXCCCCCCCCCCCCCCXCCCXCCCCCCCCXCXCCCXCCXCCCCXCCCCXCCCCXCCCCCCCCCCCCXCCCCCCXCCCCCCXCXX
CCCCCCXCCCCCXCCCCCCCXCCCXXCCCCCCCCCCXCCCCXCCCCCXCCXCCCXCCCCCCXXCCCXCXCCCCCXCCCCCXXCCCCXCXCXCCCCCCCCCXXCXCCCCXCCCCCCCCCCCCXCCCCCCXCCCXCCCCXXCCCCCCCXCCX
CCCCXCCCXXXCCCXCXCCXCCCCXCCXCCXCCCCCCCCXCCCCCCCXCXCCXCCCCCCCCXCCCXCCCCCCCCCXCCCCCCXCXCCXCCCCCCCCCCCCXCXXCCCCXXCXXXXCCXXCCCCCCCCXCCCCXCCXCCXXCCCCXCCXXC
CCCCXXCXCXCCXCCCCCCCXCCCCXCCCCCXCCCXXCCCCXCCXXCCCCCCXCCCCCCCCXCCCCXCCXXCCXCCCCCCCCCXCCCCCCCCXCCCCXCCCXCCCCCCCCXCCCCCCCCCCCCCXCCCCCCCCCXCXCXCCCCCCCCCCC
XCXCXXCCCCXCCCXCCCCCCCCXXCCCXCCCXCCCXCCXXCXCCCCXXXCXXCCCCCCCCCXXCCCCCXCXXCCCCCCCCXCCCXCCCCCCCXCCCCCCCCCCCXXCCCCCCCCCXXCCCCCXCCCCCCXCCCCCXCXCCXXCCCCCCC
CCXCCCCCXCCXCCCCXCCCXCCCCCCCCCCCCCCXCXCCCCCCCCCCCCCCCCCXCCCCCCXXCXCCCCCCCCXCCCXCCCCCCCCCXCCXCCCCXCCXCCCXXCCCCCCCCCCCXCCCCCXCCCCCCXCCCXCCXCXCCCCCCCCCXC
XCCCCCCCCCCCCXCCCCXCCCCCXCXCXCCCCCXXCCCCXCCCCXXCCCCCCCCCCCCCCXCCCCCCCCCCCCCCCCCCCCCXCCCCCCCCCCCCXCXCCCCCCXCCXCCCCCCCCCCCCCCXCCCXXCCCXCCCCCXCXXXCCCCCCC
CCCCCCXCCCXCXXCCCCXCCXCXCXCCCCCCXCCCCCCCXCCCXCCCCCCCCCCCCCXCXCCCCCXXCCCCCCCXCXCCCXCCCCXCCCCCCCCCXCCCCCCCCXXCCCCCCCXCCCCCCCCXCXCCXCXCCCCCXCXCXXXCCCCCCC
XCCCCCCCXCCXCCXCXCCCCCCCCCCCCCCCCCCCCCCCXXCCXCXCCCCCCCCCCCCCCXCXCCCCCXCCCXCCXXXCCCCCCCCXCCCCCCCCCCXCXXCCCCXCXCCCCCCXCCCCCCCCCCXCXXCCCCXCCCCCXCCCCCCCCC
CCCCCCCXXCCCCCCCCXCCCCXCCCXXXCCCCXCCXCCCCCCCXCCCXXCCCCCXCCCCCXCXXCXXCCXCCCXCCCCCCCCCCCXCXCXCCXCCCCXCXCCCCCXXCCCXXCCCCCXCCCCCCCCXCXCCCXCCCCXCCCCCXCCCXC
XXCCXCCCXCCCCCCXCCCCXXCXCCCCCCCCCCCCCCCXCCCCCCCCCCCCXXXCCXCCXCXCCCCCCCCXCXCCXXCCXCCCXXCCCXCCCCCCCXCCXCCCCCCXXXCCCXXCCCCCCCCCCXCCCCCCCCCXXXCCCXXCCCCXCC
CCXCCCCCCCCCCXCCCCXCCCCCCXCCCCXCCCCXXCCCCCCCXCXCCCCXCCCCXCCCCCCXCCCCCCCCCXCCCCCCCCCCCCCCCCCXCCCCCCCCCCXCCCCCCXCCCCCCXCCCCCCCCXCCCCCCXCXCCCXCXXXCCCCCCC
CCCCCCCCXCCCCXCCCCCCCCCCCCXCCCCXCCCXXCCCCCCXCCXCCCCXCCCCCXCCXCCCXCCCCCCCXCCCCCCCCCCXCCXCCCCXXCXCXXXCCXCCCCCXCCXCCCCCCCCCCCCCCCCXCCCCCXCXCCCCCXCCCCCCCC
CCXCCCCCCCCCCCCCCCXCCCXCCCCCCXCXCCCCXCCXXCXCCXCCCCXCCCCXXCCCCCCXCCCCCCCXCCCCCCCCCCXXCCCCCXCCXCCCCCCCCCCCCCCCCCCXCCXCCCCCXCCCCCCCCCCCXCCCCCCCCCXCCXXCXX
CCCCCCCXCCCCCCCXXXCXCCXCCCCCXCCCCCXCCCCCCCCXCCCCCXCCCCCCCCCCCCXXXCCCCCCCXCCCCCCCCCCXCXCCCXCCXCCCCCCCCCCCCCCCXCXCCCCCCCCCXXCCCXCCCCCCCCCXCCCXCCCXXXXCXC
CCCCCXXCCXCCXCCCCCCXCXCXCXCCCCXCCCCCXCCCCCCCCCCCCXCCCCXXCCCCCCCCCCCXCCCCCCCCCCCCCCCCCCCCXXCCCXCXCCCCCCCCCCCCCCCCCCCCXCCCCCCCCCCCXCCXXCCXXCCCCCCCXCCCCX
CCCCXCXCCCCXCCCXXCCCCXCCCCCCCCCCCCXXCCCCXCCCCCCXCCXCCCCCCXCCCCCXCXCCCXXXXCCCCCXCCCCCCCCCXCCXXXXXXCCXCCXCCXCCCXXCCXXCXXCCXCCXCXCCCCCCCXCCCCXCCCCCCCCCCC
CCCCCCCCCCCCXXCCXCXCCXCCCCCCXCXCCCCCCCCCCCCCCXXCCCCCCCCCCCXCXCCCCXCXCCXCCCCCCCCCCCCCCCXCXCCCXCCCXXCXCCCCXCCXCXCCXCCCCCXCCCCCCCCCCCCCCCCCCCCCCCCCCCCCCC
CCCXCCCXXCXCCCCXCCCCXCCCCCCCCXCCXCCCCCCXCCCCCCCCCCXCCCCCCXCCCCCCCXCCCCCCCCCCCXCCCCCCCXCCCCCCXCCXCCCCXCXCXCCCCCCXCCCCCCCCXCCCCXXCCCCCCXCCXCCCCCXCCXCCXC
XCXCCCCCCCCCCCCCCCCCCCCXCCCCCCCCCCXCCCCXCCCXCCCXXCCCCXCXCCXXXCXXCCCCCCCXCCCXCCCCCCCXCCCCXXXCCXCCCCCCCXCCCCXCCCCCCXCCCCCCCCXCCCCXCCCCCCXCXCXCXXCCCCCCCC
CCCCCCCCCCCCXCCCCXCCCXXCCCXCCXCCCCCCCXCCXCXCCCCCXCCCCCCCCCCCCXCCCCCCCCXCXCCXCXCCXCXCCXCCCCCCCCCCCCXCXCCXCCCCCCXXCCCXXCXCXCCCXXCCCCCCXXCCCCCCCCCXCCCCXX
XXCCXXCCXCXCCCCCCXCXCCXXCCCCCCCCCCCCCCXCCCCCCCCCCXCXCCCCXCCCCXCCCCXCCCCCCCCCCCCCCCCCCCCCCCXXCXCCCCCCCCCCCCCCXXCCCCCCCCCXCCCCCCCCCCCXCXCCXCCCCCXCCCCCCC
CCCCXXXCCCCCCCCCCCXCXXXCCCCCCCCXXCCCXCCCCCCCCCCCCXCCCCCCCCCCXCCCCCXCCXXCCCXCCCXCXCCCCCCCCCCCCCCXXCCCXCCCCXXCCCCCCCCCCCCXCCCCXCCCCCCXXCCCCCCCCCXCCCXXCC
CCCXCCCCXCCXXXCCXCCXXCCCCCCCCXCCXCCCCCXCCCCCCXXCCCCXXCCCCCCXCCCCXCXCCXCCCCCCXCCCCCCCCCXCCCCCCCXCCCCCXXCCCCCCCCCCCXCCCCCCCXCXCCCCXCXCCCCCCCCXCXXCCXCCCC
CCCCCCCXCCCCCCCXXCXCCCXCXCXCCCCCCCCCCCCCXXCXCCCCCCCCCCCCXCCCXCXCCXCCCCCCCCCCCXCCCCCCCXCCCCCCCCCCCCCCCCCXXCCXCXCXCCXCXCCCCCXCCCCCCCCCCCCCCXCCCXCCXXXCXC
CCCCCCCCCXCCCCCCCCCXCXCXXCCCCXXCCCCCCCCXCCCCCCCCCXCCCCCCCCCCCCCCCCCCXCCXCCCCCCCCCXCCCCCCCCCXCCCCCXXCCCCXCCCCXXCCCXCCCCCCCXXCCCCCCCCXXCCCCCXXCXCCCCCCCC
CCXCCCCCCCXXXCCXCCCCCCCCCCCCCCCCCCXCXCXXCCXCCCCXCCXCCCCCCCCCCXCCCXCCCCCCCCCCCCCCCCCXCXCCCXCCXCXCCXXCCCCCCCCCCCCCCCCCCCCCCCXCCCCCCCCCCCCCCXCCCXXCCCCXCC
CCCCXCCCCXCCXXCCCCCCCCCCCCXCCCCCCCCCCXCCCCCCCCCCCCXCCCCCCCCCXCCXCCCCXCCXCCCXCCCXCXCCCCCCCCCCCCCCCCCCXCCCCCXCCCCCCCCCCCCCCCCCXCCCCCCCXCCCCCCCCCCCCCCCCC
XCCXXXCCCCCXCCXCCXCCCXCCCXCXCXCCCCCCCCCCXCCCCCXCCCCCCCCCCCXXXCCCCXXCCCCCCXCCCCCCXXCCCXCCCXCCXCCCCCCCCCCCXCCXCCXXCCCCCXCCCCCXCXCCCCCXCCCCCXXXCCCCCCCCXC
CCCCCCCCCCCCXCCCCCCCCXCCCCCCCCXCCCCCCCCCCCCCCCXXCCCXCCCCCCCCCCCXCCCXCCCXCCCCXCCCXCCXCCCCCCCCCCXCCCCCCCXXCCCCCCXCCXXCCCXXCCCCCCXCCCCCCCCCCXCCXCXCCXCCCC
CCCCCCCXCCXCCXXXCCCCCXCXCCCXCCCCXCCCXCCCCCCCCCCCXCCCCXCCCCXCCCXCCCXCCCCCCCXCCCCCCXCXCCCCCCCCCCCCCCCCCCCCCCCCXCXCCCXCCXCCCCCXCCCCCXXXCXCCCCXXCCCCCXCCCC
CCCCCCCCCCXCCCCCCXCXCCCCCXCCCCCCCCCCCCCCCCCCCCCCCCCCCCCCXCCXCCCCXCXXCCXCCCCXCCCCXCCCCXCCCCCCCCCXCXCCCXXCCCCCCCCXCCCCCXCCCCCCCCXCXCCCCCCXCCXCCCCCCXCXCC
CCCCCCCCXCXCXCCCCCCXCCXXCCXXCCCCCXCCCCCCXXXCCXCCCCXCCCCCCCCCCCCCCCCXCCCCCCCXCCXCCCCCCCCXXCCCCCXCCCCCXXXCCCCCCCCCCCCXCCCCCCCCCCCCXCXXCCCCCXCCCCCXCCCCCC
CCCCCCCXXCCCCCCCCCCCCCCXCCCCCCCCCXXCCCXXCCCCCXCCCXXCCCCCCCCCXXCCCXXCXCCCCCXXCCCCCXCCCXCCCCCCCCCCXXCXCCCCCXXCCCCCCXCCCCCCCCCCCXCXCCCCCCCCCCCCCCCCCCCCCC
CCCCXCCXXCCXCCCXCCCCCXCCCCCXCCCCCCCXXCXXCCXCCCCCCCCCXCCCCXXCCCXXCCCCCCCCXCCXCCCCXCCCCCCCXXCCCCXCCCCCCCCCCCCCCCCCCCCCCCCXCCCXCCCCCXCCCXCCCCCCCCCCCCCCCC
CCCCXCCCCCCCCCXXCCCCXCCCCCCCCCXCCCCCCCCCXCCCCCCCCCXCCCXCCCCCCCCCCCCCCCCCCCCCCCCCCXCCCCCCCCCCCCCCCCXCCCCCXCCXXCCCCCCCCCCCCXCCCCCCCCCCCCCCCCCCCCCCCCCCCC
CCCCXCXCCCXCCCCCCCCCCCCCCCCCXCCCCCCCXCCCCCCCCCCCCCCCCCCCCCCCCCCXCCXXCCCCCCCCCCCCCXCCCCCCCCCCCCCXXCCCXXCXCCCCCCCCCXCCXCXXCCCXCCCCCCCCCCXCCCCXXCXCCCCXCC
true
