CCXXCXXXXCCCCCXXXXCXCXXXXCCXCCCCCXCCX
CXCCXCXCXXXXCCXCXXCCXXCXCCXCCXCCCXCXC
CCCXXCXCCXXCXCXCXCCCCXCCXCCCCCCCXCXCC
CXCXXXXCCCXXCXCCXCCXXCCCCCCCCCXXXCCCX
CXXXCCCXXCCXCXCXCCXXCCXXXXXCXXCCCCXCC
XCXXCXXCCCCXCXCXCCCCCXXCXXCCCCXXCCXCC
XCXXCCCCXCCCXXCXCCCCXCCXCXCCCXCXCCXXX
CCXCCCXXXXCXCXXCXXCCXCCXCCCCXXXCXXCXX
CCCCCXCXXXXCXCCCCCXXXXCCXCCXCCCCCCXXC
XCCCCXXCXXCXXXCCCCXXXCCXXXCCCXXCCCCXX
CXCXCCCXCCXXCCXXXXCCCXCCXXCCCCCCXCCCX
XXCXCCCCCCCXXCCCXXC.CCCCXCCCXCCXCCXXC
XCXXCCCCCXXCCCCCCXCCXXXCCXCXCXXCCXCXX
XCXCCCCXCXXCCXXXCCXCXCCXCXCXXCXCXCXCX
CXCCCCXCCCCCCCXCXCCCCXCXCCCXCCCCXC.C.
CXCXCXXCCXCXCXXCCCCXCXXXCXCXCCXXXXXXX
CXCCCCCCCXCXXXCCCCXXXXXCCCXXCXCCCXCXX
XXCCCCXCCCCCXCCCCCXX.CCCXXCXCXXCCCC.C
XXCXXXCXXCXXCCXCXXXXCXXXCXCXCCXXCXXXX
false
